\BOOKMARK [0][-]{cover.0}{\376\377\134\001\227\142}{}% 1
\BOOKMARK [0][-]{toc.0}{\376\377\166\356\137\125}{}% 2
\BOOKMARK [0][-]{chapter.1}{\376\377\0001\000\040\176\352\213\272}{}% 3
\BOOKMARK [1][-]{section.1.1}{\376\377\0001\000.\0001\000\040\170\024\172\166\200\314\146\157\123\312\141\017\116\111}{chapter.1}% 4
\BOOKMARK [1][-]{section.1.2}{\376\377\0001\000.\0002\000\040\126\375\121\205\131\026\170\024\172\166\163\260\162\266}{chapter.1}% 5
\BOOKMARK [1][-]{section.1.3}{\376\377\0001\000.\0003\000\040\170\024\172\166\121\205\133\271}{chapter.1}% 6
\BOOKMARK [0][-]{chapter.2}{\376\377\0002\000\040\177\026\213\321\163\257\130\203\221\115\177\156}{}% 7
\BOOKMARK [1][-]{section.2.1}{\376\377\0002\000.\0001\000\040\217\157\116\366\221\115\177\156}{chapter.2}% 8
\BOOKMARK [2][-]{subsection.2.1.1}{\376\377\0002\000.\0001\000.\0001\000\040\143\007\116\344}{section.2.1}% 9
\BOOKMARK [3][-]{subsubsection.2.1.1.1}{\376\377\0002\000.\0001\000.\0001\000.\0001\000\040\177\026\213\321\143\007\116\344}{subsection.2.1.1}% 10
\BOOKMARK [0][-]{chapter.3}{\376\377\0003\000\040\131\047\213\272\145\207\144\260\121\231\142\200\135\347}{}% 11
\BOOKMARK [1][-]{section.3.1}{\376\377\0003\000.\0001\000\040\123\302\200\003\145\207\163\056\213\364\146\016}{chapter.3}% 12
\BOOKMARK [2][-]{subsection.3.1.1}{\376\377\0003\000.\0001\000.\0001\000\040\145\207\116\055\123\302\200\003\145\207\163\056\166\204\143\322\121\145\213\364\146\016}{section.3.1}% 13
\BOOKMARK [2][-]{subsection.3.1.2}{\376\377\0003\000.\0001\000.\0002\000\040\123\302\200\003\145\207\163\056\166\204\147\345\142\176\116\016\137\025\165\050}{section.3.1}% 14
\BOOKMARK [1][-]{section.3.2}{\376\377\0003\000.\0002\000\040\143\322\121\145\230\171\166\356\173\046\123\367}{chapter.3}% 15
\BOOKMARK [2][-]{subsection.3.2.1}{\376\377\0003\000.\0002\000.\0001\000\040\143\322\121\145\230\171\166\356\177\026\123\367}{section.3.2}% 16
\BOOKMARK [1][-]{section.3.3}{\376\377\0003\000.\0003\000\040\121\154\137\017\166\204\133\371\237\120\116\016\137\025\165\050}{chapter.3}% 17
\BOOKMARK [2][-]{subsection.3.3.1}{\376\377\0003\000.\0003\000.\0001\000\040\133\211\210\305\000m\000a\000t\000h\000t\000y\000p\000e}{section.3.3}% 18
\BOOKMARK [2][-]{subsection.3.3.2}{\376\377\0003\000.\0003\000.\0002\000\040\143\322\121\145\136\046\177\026\123\367\166\204\121\154\137\017\123\312\116\015\136\046\177\026\123\367\166\204\121\154\137\017}{section.3.3}% 19
\BOOKMARK [2][-]{subsection.3.3.3}{\376\377\0003\000.\0003\000.\0003\000\040\121\154\137\017\133\371\237\120}{section.3.3}% 20
\BOOKMARK [1][-]{section.3.4}{\376\377\0003\000.\0004\000\040\133\232\164\006\173\111\163\257\130\203}{chapter.3}% 21
\BOOKMARK [2][-]{subsection.3.4.1}{\376\377\0003\000.\0004\000.\0001\000\040\133\232\164\006\163\257\130\203}{section.3.4}% 22
\BOOKMARK [2][-]{subsection.3.4.2}{\376\377\0003\000.\0004\000.\0002\000\040\133\232\116\111\163\257\130\203}{section.3.4}% 23
\BOOKMARK [2][-]{subsection.3.4.3}{\376\377\0003\000.\0004\000.\0003\000\040\120\107\213\276\163\257\130\203}{section.3.4}% 24
\BOOKMARK [2][-]{subsection.3.4.4}{\376\377\0003\000.\0004\000.\0004\000\040\225\356\230\230\163\257\130\203}{section.3.4}% 25
\BOOKMARK [2][-]{subsection.3.4.5}{\376\377\0003\000.\0004\000.\0005\000\040\121\166\133\203\163\257\130\203}{section.3.4}% 26
\BOOKMARK [1][-]{section.3.5}{\376\377\0003\000.\0005\000\040\177\051\165\145\213\315\217\223\121\145}{chapter.3}% 27
\BOOKMARK [1][-]{section.3.6}{\376\377\0003\000.\0006\000\040\210\150\150\074\143\322\121\145}{chapter.3}% 28
\BOOKMARK [1][-]{section.3.7}{\376\377\0003\000.\0007\000\040\173\227\154\325\213\276\213\241}{chapter.3}% 29
\BOOKMARK [0][-]{chapter.4}{\376\377\0004\000\040\140\073\176\323\116\016\134\125\147\033}{}% 30
\BOOKMARK [1][-]{section.4.1}{\376\377\0004\000.\0001\000\040\140\073\176\323}{chapter.4}% 31
\BOOKMARK [2][-]{subsection.4.1.1}{\376\377\0004\000.\0001\000.\0001\000\040\140\073\176\323\0001}{section.4.1}% 32
\BOOKMARK [2][-]{subsection.4.1.2}{\376\377\0004\000.\0001\000.\0002\000\040\140\073\176\323\0002}{section.4.1}% 33
\BOOKMARK [2][-]{subsection.4.1.3}{\376\377\0004\000.\0001\000.\0003\000\040\140\073\176\323\0003}{section.4.1}% 34
\BOOKMARK [2][-]{subsection.4.1.4}{\376\377\0004\000.\0001\000.\0004\000\040\140\073\176\323\0004}{section.4.1}% 35
\BOOKMARK [1][-]{section.4.2}{\376\377\0004\000.\0002\000\040\134\125\147\033}{chapter.4}% 36
\BOOKMARK [0][-]{chapter*.11}{\376\377\201\364\214\042}{}% 37
\BOOKMARK [0][-]{chapter*.12}{\376\377\123\302\200\003\145\207\163\056}{}% 38
\BOOKMARK [0][-]{chapter*.13}{\376\377\226\104\137\125}{}% 39
